<?xml version="1.0" encoding="UTF-8"?>
<!-- Generated by org.testng.reporters.JUnitReportReporter -->
<testsuite hostname="LTIN368543" failures="0" tests="2" name="testComponents.TC_001_FindingHospital" time="19.228" errors="0" timestamp="2024-05-07T14:41:00 IST" skipped="0">
  <testcase classname="testComponents.TC_001_FindingHospital" name="searchingHospital" time="16.665"/>
  <testcase classname="testComponents.TC_001_FindingHospital" name="gettingHospital" time="2.563"/>
</testsuite> <!-- testComponents.TC_001_FindingHospital -->
