<?xml version="1.0" encoding="UTF-8"?>
<!-- Generated by org.testng.reporters.JUnitReportReporter -->
<testsuite hostname="LTIN368543" failures="0" tests="1" name="testComponents.TC_004_CorporateWellness_ValidDetails" time="24.703" errors="0" timestamp="2024-05-07T14:41:00 IST" skipped="0">
  <testcase classname="testComponents.TC_004_CorporateWellness_ValidDetails" name="openingCorporateWellness" time="24.703"/>
</testsuite> <!-- testComponents.TC_004_CorporateWellness_ValidDetails -->
