<?xml version="1.0" encoding="UTF-8"?>
<!-- Generated by org.testng.reporters.JUnitReportReporter -->
<testsuite hostname="LTIN368543" failures="0" tests="1" name="testComponents.TC_004_CorporateWellness_InvalidDetails" time="8.873" errors="0" timestamp="2024-05-07T14:41:00 IST" skipped="0">
  <testcase classname="testComponents.TC_004_CorporateWellness_InvalidDetails" name="checkingInvalidDetails1" time="8.873"/>
</testsuite> <!-- testComponents.TC_004_CorporateWellness_InvalidDetails -->
