<?xml version="1.0" encoding="UTF-8"?>
<!-- Generated by org.testng.reporters.JUnitReportReporter -->
<testsuite hostname="LTIN368543" failures="0" tests="2" name="testComponents.TC_002_SearchingDentists" time="46.914" errors="0" timestamp="2024-05-07T14:41:00 IST" skipped="0">
  <testcase classname="testComponents.TC_002_SearchingDentists" name="searchingDentists" time="10.662"/>
  <testcase classname="testComponents.TC_002_SearchingDentists" name="gettingDentists" time="36.252"/>
</testsuite> <!-- testComponents.TC_002_SearchingDentists -->
